<?xml version="1.0" encoding="UTF-8"?>
<!-- Generated by org.testng.reporters.JUnitReportReporter -->
<testsuite hostname="SLB-F3QB2X2" failures="0" tests="3" name="Sec7_35_Parameterization" time="2.199" errors="0" timestamp="2022-07-29T07:37:59 IST" skipped="0">
  <testcase classname="Sec7_35_Parameterization" name="addBook" time="0.131"/>
  <system-out/>
  <testcase classname="Sec7_35_Parameterization" name="addBook" time="1.957"/>
  <system-out/>
  <testcase classname="Sec7_35_Parameterization" name="addBook" time="0.111"/>
  <system-out/>
</testsuite> <!-- Sec7_35_Parameterization -->
