<?xml version="1.0" encoding="UTF-8"?>
<!-- Generated by org.testng.reporters.JUnitReportReporter -->
<testsuite hostname="SLB-F3QB2X2" failures="0" tests="1" name="Sec6_27_CompareAmt" time="1.334" errors="0" timestamp="2022-05-22T13:03:40 IST" skipped="0">
  <testcase classname="Sec6_27_CompareAmt" name="sumOfCourses" time="1.334"/>
  <system-out/>
</testsuite> <!-- Sec6_27_CompareAmt -->
