<?xml version="1.0" encoding="UTF-8"?>
<!-- Generated by org.testng.reporters.JUnitReportReporter -->
<testsuite hostname="SLB-F3QB2X2" failures="0" tests="1" name="Sec7_33_DynamicJson" time="4.620" errors="0" timestamp="2022-07-29T07:19:51 IST" skipped="0">
  <testcase classname="Sec7_33_DynamicJson" name="addBook" time="4.620"/>
  <system-out/>
</testsuite> <!-- Sec7_33_DynamicJson -->
