<?xml version="1.0" encoding="UTF-8"?>
<!-- Generated by org.testng.reporters.JUnitReportReporter -->
<testsuite hostname="SLB-F3QB2X2" failures="0" tests="1" name="Sec7_38_StaticJson" time="4.677" errors="0" timestamp="2022-07-29T22:07:17 IST" skipped="0">
  <testcase classname="Sec7_38_StaticJson" name="addBook" time="4.677"/>
  <system-out/>
</testsuite> <!-- Sec7_38_StaticJson -->
